app/build/intermediates/manifest_merge_blame_file/debug/manifest-merger-blame-debug-report.txt
1<?xml version="1.0" encoding="utf-8"?>
2<manifest xmlns:android="http://schemas.android.com/apk/res/android"
3    package="com.hawks.hawksbuziness"
4    android:versionCode="1"
5    android:versionName="1.0" >
6
7    <uses-sdk
8        android:minSdkVersion="21"
8-->src/main/AndroidManifest.xml
9        android:targetSdkVersion="31" />
9-->src/main/AndroidManifest.xml
10
11    <uses-permission android:name="android.permission.INTERNET" />
11-->src/main/AndroidManifest.xml:5:5-67
11-->src/main/AndroidManifest.xml:5:22-64
12    <uses-permission android:name="android.permission.ACCESS_FINE_LOCATION" />
12-->src/main/AndroidManifest.xml:6:5-79
12-->src/main/AndroidManifest.xml:6:22-76
13    <uses-permission android:name="android.permission.ACCESS_COARSE_LOCATION" />
13-->src/main/AndroidManifest.xml:7:5-81
13-->src/main/AndroidManifest.xml:7:22-78
14    <uses-permission android:name="android.permission.ACCESS_BACKGROUND_LOCATION" />
14-->src/main/AndroidManifest.xml:8:5-85
14-->src/main/AndroidManifest.xml:8:22-82
15    <uses-permission android:name="android.permission.ACCESS_WIFI_STATE" />
15-->src/main/AndroidManifest.xml:9:5-75
15-->src/main/AndroidManifest.xml:9:22-73
16    <uses-permission android:name="android.permission.READ_EXTERNAL_STORAGE" />
16-->src/main/AndroidManifest.xml:10:5-79
16-->src/main/AndroidManifest.xml:10:22-77
17    <uses-permission android:name="android.permission.WRITE_EXTERNAL_STORAGE" />
17-->src/main/AndroidManifest.xml:11:5-80
17-->src/main/AndroidManifest.xml:11:22-78
18
19    <!-- Include required permissions for Google Maps API to run. -->
20    <uses-permission android:name="android.permission.ACCESS_NETWORK_STATE" />
20-->[com.google.android.gms:play-services-maps:17.0.0] AndroidManifest.xml:23:5-79
20-->[com.google.android.gms:play-services-maps:17.0.0] AndroidManifest.xml:23:22-76
21
22    <uses-feature
22-->[com.google.android.gms:play-services-maps:17.0.0] AndroidManifest.xml:26:5-28:35
23        android:glEsVersion="0x00020000"
23-->[com.google.android.gms:play-services-maps:17.0.0] AndroidManifest.xml:27:9-41
24        android:required="true" />
24-->[com.google.android.gms:play-services-maps:17.0.0] AndroidManifest.xml:28:9-32
25
26    <uses-permission android:name="android.permission.WAKE_LOCK" />
26-->[com.google.android.gms:play-services-measurement-api:20.1.0] AndroidManifest.xml:24:5-68
26-->[com.google.android.gms:play-services-measurement-api:20.1.0] AndroidManifest.xml:24:22-65
27    <uses-permission android:name="com.google.android.finsky.permission.BIND_GET_INSTALL_REFERRER_SERVICE" /> <!-- Include required permissions for Advertising Id -->
27-->[com.google.android.gms:play-services-measurement:20.1.0] AndroidManifest.xml:26:5-110
27-->[com.google.android.gms:play-services-measurement:20.1.0] AndroidManifest.xml:26:22-107
28    <uses-permission android:name="com.google.android.gms.permission.AD_ID" />
28-->[com.google.android.gms:play-services-ads-identifier:18.0.0] AndroidManifest.xml:23:5-79
28-->[com.google.android.gms:play-services-ads-identifier:18.0.0] AndroidManifest.xml:23:22-76
29
30    <application
30-->src/main/AndroidManifest.xml:14:5-45:19
31        android:name="com.hawks.hawksbuziness.app.BuzinessApplication"
31-->src/main/AndroidManifest.xml:15:9-48
32        android:allowBackup="true"
32-->src/main/AndroidManifest.xml:16:9-35
33        android:appComponentFactory="androidx.core.app.CoreComponentFactory"
33-->[androidx.core:core:1.7.0] AndroidManifest.xml:24:18-86
34        android:debuggable="true"
35        android:icon="@mipmap/ic_launcher"
35-->src/main/AndroidManifest.xml:17:9-43
36        android:label="@string/app_name"
36-->src/main/AndroidManifest.xml:18:9-41
37        android:roundIcon="@mipmap/ic_launcher_round"
37-->src/main/AndroidManifest.xml:19:9-54
38        android:supportsRtl="true"
38-->src/main/AndroidManifest.xml:20:9-35
39        android:testOnly="true"
40        android:theme="@style/Theme.HawksBuziness" >
40-->src/main/AndroidManifest.xml:21:9-51
41        <activity
41-->src/main/AndroidManifest.xml:22:9-25:40
42            android:name="com.hawks.hawksbuziness.ui.activity.EditActivity"
42-->src/main/AndroidManifest.xml:23:13-53
43            android:exported="false"
43-->src/main/AndroidManifest.xml:25:13-37
44            android:theme="@style/Theme.HawksBuziness" />
44-->src/main/AndroidManifest.xml:24:13-55
45        <activity
45-->src/main/AndroidManifest.xml:26:9-28:40
46            android:name="com.hawks.hawksbuziness.ui.activity.SignupActivity"
46-->src/main/AndroidManifest.xml:27:13-55
47            android:exported="false" />
47-->src/main/AndroidManifest.xml:28:13-37
48        <activity
48-->src/main/AndroidManifest.xml:29:9-31:40
49            android:name="com.hawks.hawksbuziness.ui.activity.ReferalActivity"
49-->src/main/AndroidManifest.xml:30:13-56
50            android:exported="false" />
50-->src/main/AndroidManifest.xml:31:13-37
51        <activity
51-->src/main/AndroidManifest.xml:32:9-40:20
52            android:name="com.hawks.hawksbuziness.ui.splash.Splash"
52-->src/main/AndroidManifest.xml:33:13-45
53            android:exported="true" >
53-->src/main/AndroidManifest.xml:34:13-36
54            <intent-filter>
54-->src/main/AndroidManifest.xml:35:13-39:29
55                <action android:name="android.intent.action.MAIN" />
55-->src/main/AndroidManifest.xml:36:17-69
55-->src/main/AndroidManifest.xml:36:25-66
56
57                <category android:name="android.intent.category.LAUNCHER" />
57-->src/main/AndroidManifest.xml:38:17-77
57-->src/main/AndroidManifest.xml:38:27-74
58            </intent-filter>
59        </activity>
60        <activity
60-->src/main/AndroidManifest.xml:41:9-44:55
61            android:name="com.hawks.hawksbuziness.ui.activity.MainActivity"
61-->src/main/AndroidManifest.xml:42:13-53
62            android:exported="true"
62-->src/main/AndroidManifest.xml:43:13-36
63            android:windowSoftInputMode="adjustPan" />
63-->src/main/AndroidManifest.xml:44:13-52
64
65        <uses-library
65-->[androidx.window:window:1.0.0] AndroidManifest.xml:25:9-27:40
66            android:name="androidx.window.extensions"
66-->[androidx.window:window:1.0.0] AndroidManifest.xml:26:13-54
67            android:required="false" />
67-->[androidx.window:window:1.0.0] AndroidManifest.xml:27:13-37
68        <uses-library
68-->[androidx.window:window:1.0.0] AndroidManifest.xml:28:9-30:40
69            android:name="androidx.window.sidecar"
69-->[androidx.window:window:1.0.0] AndroidManifest.xml:29:13-51
70            android:required="false" />
70-->[androidx.window:window:1.0.0] AndroidManifest.xml:30:13-37
71
72        <activity
72-->[com.google.android.libraries.places:places:2.5.0] AndroidManifest.xml:14:9-20:20
73            android:name="com.google.android.libraries.places.widget.AutocompleteActivity"
73-->[com.google.android.libraries.places:places:2.5.0] AndroidManifest.xml:15:13-91
74            android:exported="false"
74-->[com.google.android.libraries.places:places:2.5.0] AndroidManifest.xml:16:13-37
75            android:label="@string/places_autocomplete_label"
75-->[com.google.android.libraries.places:places:2.5.0] AndroidManifest.xml:17:13-62
76            android:theme="@style/PlacesAutocompleteOverlay"
76-->[com.google.android.libraries.places:places:2.5.0] AndroidManifest.xml:18:13-61
77            android:windowSoftInputMode="adjustResize" >
77-->[com.google.android.libraries.places:places:2.5.0] AndroidManifest.xml:19:13-55
78        </activity> <!-- Needs to be explicitly declared on P+ -->
79        <uses-library
79-->[com.google.android.gms:play-services-maps:17.0.0] AndroidManifest.xml:33:9-35:40
80            android:name="org.apache.http.legacy"
80-->[com.google.android.gms:play-services-maps:17.0.0] AndroidManifest.xml:34:13-50
81            android:required="false" />
81-->[com.google.android.gms:play-services-maps:17.0.0] AndroidManifest.xml:35:13-37
82
83        <activity
83-->[com.google.android.gms:play-services-base:17.2.1] AndroidManifest.xml:23:9-26:75
84            android:name="com.google.android.gms.common.api.GoogleApiActivity"
84-->[com.google.android.gms:play-services-base:17.2.1] AndroidManifest.xml:24:13-79
85            android:exported="false"
85-->[com.google.android.gms:play-services-base:17.2.1] AndroidManifest.xml:25:13-37
86            android:theme="@android:style/Theme.Translucent.NoTitleBar" />
86-->[com.google.android.gms:play-services-base:17.2.1] AndroidManifest.xml:26:13-72
87
88        <service
88-->[com.google.firebase:firebase-crashlytics-ktx:18.2.9] AndroidManifest.xml:24:9-30:19
89            android:name="com.google.firebase.components.ComponentDiscoveryService"
89-->[com.google.firebase:firebase-crashlytics-ktx:18.2.9] AndroidManifest.xml:25:13-84
90            android:directBootAware="true"
90-->[com.google.firebase:firebase-common:20.1.0] AndroidManifest.xml:35:13-43
91            android:exported="false" >
91-->[com.google.firebase:firebase-crashlytics-ktx:18.2.9] AndroidManifest.xml:26:13-37
92            <meta-data
92-->[com.google.firebase:firebase-crashlytics-ktx:18.2.9] AndroidManifest.xml:27:13-29:85
93                android:name="com.google.firebase.components:com.google.firebase.crashlytics.ktx.FirebaseCrashlyticsKtxRegistrar"
93-->[com.google.firebase:firebase-crashlytics-ktx:18.2.9] AndroidManifest.xml:28:17-130
94                android:value="com.google.firebase.components.ComponentRegistrar" />
94-->[com.google.firebase:firebase-crashlytics-ktx:18.2.9] AndroidManifest.xml:29:17-82
95            <meta-data
95-->[com.google.firebase:firebase-analytics-ktx:20.1.0] AndroidManifest.xml:11:13-13:85
96                android:name="com.google.firebase.components:com.google.firebase.analytics.ktx.FirebaseAnalyticsKtxRegistrar"
96-->[com.google.firebase:firebase-analytics-ktx:20.1.0] AndroidManifest.xml:12:17-126
97                android:value="com.google.firebase.components.ComponentRegistrar" />
97-->[com.google.firebase:firebase-analytics-ktx:20.1.0] AndroidManifest.xml:13:17-82
98            <meta-data
98-->[com.google.firebase:firebase-common-ktx:20.1.0] AndroidManifest.xml:15:13-17:85
99                android:name="com.google.firebase.components:com.google.firebase.ktx.FirebaseCommonKtxRegistrar"
99-->[com.google.firebase:firebase-common-ktx:20.1.0] AndroidManifest.xml:16:17-113
100                android:value="com.google.firebase.components.ComponentRegistrar" />
100-->[com.google.firebase:firebase-common-ktx:20.1.0] AndroidManifest.xml:17:17-82
101            <meta-data
101-->[com.google.firebase:firebase-crashlytics:18.2.9] AndroidManifest.xml:18:13-20:85
102                android:name="com.google.firebase.components:com.google.firebase.crashlytics.CrashlyticsRegistrar"
102-->[com.google.firebase:firebase-crashlytics:18.2.9] AndroidManifest.xml:19:17-115
103                android:value="com.google.firebase.components.ComponentRegistrar" />
103-->[com.google.firebase:firebase-crashlytics:18.2.9] AndroidManifest.xml:20:17-82
104            <meta-data
104-->[com.google.android.gms:play-services-measurement-api:20.1.0] AndroidManifest.xml:30:13-32:85
105                android:name="com.google.firebase.components:com.google.firebase.analytics.connector.internal.AnalyticsConnectorRegistrar"
105-->[com.google.android.gms:play-services-measurement-api:20.1.0] AndroidManifest.xml:31:17-139
106                android:value="com.google.firebase.components.ComponentRegistrar" />
106-->[com.google.android.gms:play-services-measurement-api:20.1.0] AndroidManifest.xml:32:17-82
107            <meta-data
107-->[com.google.firebase:firebase-installations:17.0.1] AndroidManifest.xml:18:13-20:85
108                android:name="com.google.firebase.components:com.google.firebase.installations.FirebaseInstallationsRegistrar"
108-->[com.google.firebase:firebase-installations:17.0.1] AndroidManifest.xml:19:17-127
109                android:value="com.google.firebase.components.ComponentRegistrar" />
109-->[com.google.firebase:firebase-installations:17.0.1] AndroidManifest.xml:20:17-82
110        </service>
111
112        <provider
112-->[com.google.firebase:firebase-common:20.1.0] AndroidManifest.xml:26:9-31:39
113            android:name="com.google.firebase.provider.FirebaseInitProvider"
113-->[com.google.firebase:firebase-common:20.1.0] AndroidManifest.xml:27:13-77
114            android:authorities="com.hawks.hawksbuziness.firebaseinitprovider"
114-->[com.google.firebase:firebase-common:20.1.0] AndroidManifest.xml:28:13-72
115            android:directBootAware="true"
115-->[com.google.firebase:firebase-common:20.1.0] AndroidManifest.xml:29:13-43
116            android:exported="false"
116-->[com.google.firebase:firebase-common:20.1.0] AndroidManifest.xml:30:13-37
117            android:initOrder="100" />
117-->[com.google.firebase:firebase-common:20.1.0] AndroidManifest.xml:31:13-36
118
119        <receiver
119-->[com.google.android.gms:play-services-measurement:20.1.0] AndroidManifest.xml:29:9-33:20
120            android:name="com.google.android.gms.measurement.AppMeasurementReceiver"
120-->[com.google.android.gms:play-services-measurement:20.1.0] AndroidManifest.xml:30:13-85
121            android:enabled="true"
121-->[com.google.android.gms:play-services-measurement:20.1.0] AndroidManifest.xml:31:13-35
122            android:exported="false" >
122-->[com.google.android.gms:play-services-measurement:20.1.0] AndroidManifest.xml:32:13-37
123        </receiver>
124
125        <service
125-->[com.google.android.gms:play-services-measurement:20.1.0] AndroidManifest.xml:35:9-38:40
126            android:name="com.google.android.gms.measurement.AppMeasurementService"
126-->[com.google.android.gms:play-services-measurement:20.1.0] AndroidManifest.xml:36:13-84
127            android:enabled="true"
127-->[com.google.android.gms:play-services-measurement:20.1.0] AndroidManifest.xml:37:13-35
128            android:exported="false" />
128-->[com.google.android.gms:play-services-measurement:20.1.0] AndroidManifest.xml:38:13-37
129        <service
129-->[com.google.android.gms:play-services-measurement:20.1.0] AndroidManifest.xml:39:9-43:72
130            android:name="com.google.android.gms.measurement.AppMeasurementJobService"
130-->[com.google.android.gms:play-services-measurement:20.1.0] AndroidManifest.xml:40:13-87
131            android:enabled="true"
131-->[com.google.android.gms:play-services-measurement:20.1.0] AndroidManifest.xml:41:13-35
132            android:exported="false"
132-->[com.google.android.gms:play-services-measurement:20.1.0] AndroidManifest.xml:42:13-37
133            android:permission="android.permission.BIND_JOB_SERVICE" />
133-->[com.google.android.gms:play-services-measurement:20.1.0] AndroidManifest.xml:43:13-69
134
135        <meta-data
135-->[com.google.android.gms:play-services-basement:18.0.0] AndroidManifest.xml:21:9-23:69
136            android:name="com.google.android.gms.version"
136-->[com.google.android.gms:play-services-basement:18.0.0] AndroidManifest.xml:22:13-58
137            android:value="@integer/google_play_services_version" />
137-->[com.google.android.gms:play-services-basement:18.0.0] AndroidManifest.xml:23:13-66
138
139        <service
139-->[androidx.room:room-runtime:2.4.2] AndroidManifest.xml:25:9-28:40
140            android:name="androidx.room.MultiInstanceInvalidationService"
140-->[androidx.room:room-runtime:2.4.2] AndroidManifest.xml:26:13-74
141            android:directBootAware="true"
141-->[androidx.room:room-runtime:2.4.2] AndroidManifest.xml:27:13-43
142            android:exported="false" />
142-->[androidx.room:room-runtime:2.4.2] AndroidManifest.xml:28:13-37
143        <service
143-->[com.google.android.datatransport:transport-backend-cct:3.1.2] AndroidManifest.xml:29:9-35:19
144            android:name="com.google.android.datatransport.runtime.backends.TransportBackendDiscovery"
144-->[com.google.android.datatransport:transport-backend-cct:3.1.2] AndroidManifest.xml:30:13-103
145            android:exported="false" >
145-->[com.google.android.datatransport:transport-backend-cct:3.1.2] AndroidManifest.xml:31:13-37
146            <meta-data
146-->[com.google.android.datatransport:transport-backend-cct:3.1.2] AndroidManifest.xml:32:13-34:39
147                android:name="backend:com.google.android.datatransport.cct.CctBackendFactory"
147-->[com.google.android.datatransport:transport-backend-cct:3.1.2] AndroidManifest.xml:33:17-94
148                android:value="cct" />
148-->[com.google.android.datatransport:transport-backend-cct:3.1.2] AndroidManifest.xml:34:17-36
149        </service>
150        <service
150-->[com.google.android.datatransport:transport-runtime:3.1.2] AndroidManifest.xml:26:9-30:19
151            android:name="com.google.android.datatransport.runtime.scheduling.jobscheduling.JobInfoSchedulerService"
151-->[com.google.android.datatransport:transport-runtime:3.1.2] AndroidManifest.xml:27:13-117
152            android:exported="false"
152-->[com.google.android.datatransport:transport-runtime:3.1.2] AndroidManifest.xml:28:13-37
153            android:permission="android.permission.BIND_JOB_SERVICE" >
153-->[com.google.android.datatransport:transport-runtime:3.1.2] AndroidManifest.xml:29:13-69
154        </service>
155
156        <receiver
156-->[com.google.android.datatransport:transport-runtime:3.1.2] AndroidManifest.xml:32:9-34:40
157            android:name="com.google.android.datatransport.runtime.scheduling.jobscheduling.AlarmManagerSchedulerBroadcastReceiver"
157-->[com.google.android.datatransport:transport-runtime:3.1.2] AndroidManifest.xml:33:13-132
158            android:exported="false" />
158-->[com.google.android.datatransport:transport-runtime:3.1.2] AndroidManifest.xml:34:13-37
159
160        <provider
160-->[androidx.emoji2:emoji2:1.0.0] AndroidManifest.xml:26:9-34:20
161            android:name="androidx.startup.InitializationProvider"
161-->[androidx.emoji2:emoji2:1.0.0] AndroidManifest.xml:27:13-67
162            android:authorities="com.hawks.hawksbuziness.androidx-startup"
162-->[androidx.emoji2:emoji2:1.0.0] AndroidManifest.xml:28:13-68
163            android:exported="false" >
163-->[androidx.emoji2:emoji2:1.0.0] AndroidManifest.xml:29:13-37
164            <meta-data
164-->[androidx.emoji2:emoji2:1.0.0] AndroidManifest.xml:31:13-33:52
165                android:name="androidx.emoji2.text.EmojiCompatInitializer"
165-->[androidx.emoji2:emoji2:1.0.0] AndroidManifest.xml:32:17-75
166                android:value="androidx.startup" />
166-->[androidx.emoji2:emoji2:1.0.0] AndroidManifest.xml:33:17-49
167            <meta-data
167-->[androidx.lifecycle:lifecycle-process:2.4.0] AndroidManifest.xml:31:13-33:52
168                android:name="androidx.lifecycle.ProcessLifecycleInitializer"
168-->[androidx.lifecycle:lifecycle-process:2.4.0] AndroidManifest.xml:32:17-78
169                android:value="androidx.startup" />
169-->[androidx.lifecycle:lifecycle-process:2.4.0] AndroidManifest.xml:33:17-49
170        </provider>
171    </application>
172
173</manifest>